<?xml version="1.0" encoding="UTF-8"?>
<!-- Generated by org.testng.reporters.JUnitReportReporter -->
<testsuite skipped="3" hostname="LAPTOP-92RIRK5S" name="com.crm.qa.testdata.LoginPageTest" tests="4" failures="0" timestamp="17 Mar 2024 13:25:46 GMT" time="0.004" errors="1">
  <testcase name="SetUp" time="0.000" classname="com.crm.qa.testdata.LoginPageTest">
    <error type="org.openqa.selenium.SessionNotCreatedException" message="session not created: This version of ChromeDriver only supports Chrome version 112
Current browser version is 122.0.6261.129 with binary path C:\Program Files\Google\Chrome\Application\chrome.exe
Build info: version: &#039;3.10.0&#039;, revision: &#039;176b4a9&#039;, time: &#039;2018-03-02T19:03:16.397Z&#039;
System info: host: &#039;LAPTOP-92RIRK5S&#039;, ip: &#039;192.168.0.107&#039;, os.name: &#039;Windows 10&#039;, os.arch: &#039;amd64&#039;, os.version: &#039;10.0&#039;, java.version: &#039;1.8.0_311&#039;
Driver info: driver.version: ChromeDriver
remote stacktrace: Backtrace:
	GetHandleVerifier [0x00455E23+53059]
	(No symbol) [0x003E4AF1]
	(No symbol) [0x002DB388]
	(No symbol) [0x002FE4D0]
	(No symbol) [0x002F9A85]
	(No symbol) [0x002F6F39]
	(No symbol) [0x00331244]
	(No symbol) [0x00330E7C]
	(No symbol) [0x0032A5C6]
	(No symbol) [0x00300A2C]
	(No symbol) [0x003020ED]
	GetHandleVerifier [0x006BD3CE+2573550]
	GetHandleVerifier [0x006F3340+2794592]
	GetHandleVerifier [0x006ECF1C+2768956]
	GetHandleVerifier [0x004EFA60+682880]
	(No symbol) [0x003EEE22]
	(No symbol) [0x003EA8B8]
	(No symbol) [0x003EA99B]
	(No symbol) [0x003DDB57]
	BaseThreadInitThunk [0x75347BA9+25]
	RtlInitializeExceptionChain [0x771DBD2B+107]
	RtlClearBits [0x771DBCAF+191]
">
      <![CDATA[org.openqa.selenium.SessionNotCreatedException: session not created: This version of ChromeDriver only supports Chrome version 112
Current browser version is 122.0.6261.129 with binary path C:\Program Files\Google\Chrome\Application\chrome.exe
Build info: version: '3.10.0', revision: '176b4a9', time: '2018-03-02T19:03:16.397Z'
System info: host: 'LAPTOP-92RIRK5S', ip: '192.168.0.107', os.name: 'Windows 10', os.arch: 'amd64', os.version: '10.0', java.version: '1.8.0_311'
Driver info: driver.version: ChromeDriver
remote stacktrace: Backtrace:
	GetHandleVerifier [0x00455E23+53059]
	(No symbol) [0x003E4AF1]
	(No symbol) [0x002DB388]
	(No symbol) [0x002FE4D0]
	(No symbol) [0x002F9A85]
	(No symbol) [0x002F6F39]
	(No symbol) [0x00331244]
	(No symbol) [0x00330E7C]
	(No symbol) [0x0032A5C6]
	(No symbol) [0x00300A2C]
	(No symbol) [0x003020ED]
	GetHandleVerifier [0x006BD3CE+2573550]
	GetHandleVerifier [0x006F3340+2794592]
	GetHandleVerifier [0x006ECF1C+2768956]
	GetHandleVerifier [0x004EFA60+682880]
	(No symbol) [0x003EEE22]
	(No symbol) [0x003EA8B8]
	(No symbol) [0x003EA99B]
	(No symbol) [0x003DDB57]
	BaseThreadInitThunk [0x75347BA9+25]
	RtlInitializeExceptionChain [0x771DBD2B+107]
	RtlClearBits [0x771DBCAF+191]

	at sun.reflect.NativeConstructorAccessorImpl.newInstance0(Native Method)
	at sun.reflect.NativeConstructorAccessorImpl.newInstance(Unknown Source)
	at sun.reflect.DelegatingConstructorAccessorImpl.newInstance(Unknown Source)
	at java.lang.reflect.Constructor.newInstance(Unknown Source)
	at org.openqa.selenium.remote.W3CHandshakeResponse.lambda$new$0(W3CHandshakeResponse.java:57)
	at org.openqa.selenium.remote.W3CHandshakeResponse.lambda$getResponseFunction$2(W3CHandshakeResponse.java:104)
	at org.openqa.selenium.remote.ProtocolHandshake.lambda$createSession$0(ProtocolHandshake.java:123)
	at java.util.stream.ReferencePipeline$3$1.accept(Unknown Source)
	at java.util.Spliterators$ArraySpliterator.tryAdvance(Unknown Source)
	at java.util.stream.ReferencePipeline.forEachWithCancel(Unknown Source)
	at java.util.stream.AbstractPipeline.copyIntoWithCancel(Unknown Source)
	at java.util.stream.AbstractPipeline.copyInto(Unknown Source)
	at java.util.stream.AbstractPipeline.wrapAndCopyInto(Unknown Source)
	at java.util.stream.FindOps$FindOp.evaluateSequential(Unknown Source)
	at java.util.stream.AbstractPipeline.evaluate(Unknown Source)
	at java.util.stream.ReferencePipeline.findFirst(Unknown Source)
	at org.openqa.selenium.remote.ProtocolHandshake.createSession(ProtocolHandshake.java:126)
	at org.openqa.selenium.remote.ProtocolHandshake.createSession(ProtocolHandshake.java:73)
	at org.openqa.selenium.remote.HttpCommandExecutor.execute(HttpCommandExecutor.java:138)
	at org.openqa.selenium.remote.service.DriverCommandExecutor.execute(DriverCommandExecutor.java:83)
	at org.openqa.selenium.remote.RemoteWebDriver.execute(RemoteWebDriver.java:601)
	at org.openqa.selenium.remote.RemoteWebDriver.startSession(RemoteWebDriver.java:219)
	at org.openqa.selenium.remote.RemoteWebDriver.<init>(RemoteWebDriver.java:142)
	at org.openqa.selenium.chrome.ChromeDriver.<init>(ChromeDriver.java:181)
	at org.openqa.selenium.chrome.ChromeDriver.<init>(ChromeDriver.java:168)
	at org.openqa.selenium.chrome.ChromeDriver.<init>(ChromeDriver.java:123)
	at com.crm.qa.base.TestBase.initialization(TestBase.java:43)
	at com.crm.qa.testdata.LoginPageTest.SetUp(LoginPageTest.java:23)
	at sun.reflect.NativeMethodAccessorImpl.invoke0(Native Method)
	at sun.reflect.NativeMethodAccessorImpl.invoke(Unknown Source)
	at sun.reflect.DelegatingMethodAccessorImpl.invoke(Unknown Source)
	at java.lang.reflect.Method.invoke(Unknown Source)
	at org.testng.internal.MethodInvocationHelper.invokeMethod(MethodInvocationHelper.java:100)
	at org.testng.internal.Invoker.invokeConfigurationMethod(Invoker.java:515)
	at org.testng.internal.Invoker.invokeConfigurations(Invoker.java:216)
	at org.testng.internal.Invoker.invokeMethod(Invoker.java:590)
	at org.testng.internal.Invoker.invokeTestMethod(Invoker.java:811)
	at org.testng.internal.Invoker.invokeTestMethods(Invoker.java:1137)
	at org.testng.internal.TestMethodWorker.invokeTestMethods(TestMethodWorker.java:129)
	at org.testng.internal.TestMethodWorker.run(TestMethodWorker.java:112)
	at org.testng.TestRunner.privateRun(TestRunner.java:753)
	at org.testng.TestRunner.run(TestRunner.java:607)
	at org.testng.SuiteRunner.runTest(SuiteRunner.java:368)
	at org.testng.SuiteRunner.runSequentially(SuiteRunner.java:363)
	at org.testng.SuiteRunner.privateRun(SuiteRunner.java:321)
	at org.testng.SuiteRunner.run(SuiteRunner.java:270)
	at org.testng.SuiteRunnerWorker.runSuite(SuiteRunnerWorker.java:52)
	at org.testng.SuiteRunnerWorker.run(SuiteRunnerWorker.java:86)
	at org.testng.TestNG.runSuitesSequentially(TestNG.java:1284)
	at org.testng.TestNG.runSuitesLocally(TestNG.java:1209)
	at org.testng.TestNG.runSuites(TestNG.java:1124)
	at org.testng.TestNG.run(TestNG.java:1096)
	at org.testng.remote.AbstractRemoteTestNG.run(AbstractRemoteTestNG.java:132)
	at org.testng.remote.RemoteTestNG.initAndRun(RemoteTestNG.java:236)
	at org.testng.remote.RemoteTestNG.main(RemoteTestNG.java:81)
]]>
    </error>
  </testcase> <!-- SetUp -->
  <testcase name="loginPageTitleTest" time="0.003" classname="com.crm.qa.testdata.LoginPageTest">
    <skipped/>
  </testcase> <!-- loginPageTitleTest -->
  <testcase name="LoginTest" time="0.000" classname="com.crm.qa.testdata.LoginPageTest">
    <skipped/>
  </testcase> <!-- LoginTest -->
  <testcase name="HrmLogoImageTest" time="0.001" classname="com.crm.qa.testdata.LoginPageTest">
    <skipped/>
  </testcase> <!-- HrmLogoImageTest -->
</testsuite> <!-- com.crm.qa.testdata.LoginPageTest -->
